<?xml version="1.0" encoding="UTF-8"?>
<testsuite xmlns:xsi="http://www.w3.org/2001/XMLSchema-instance" xsi:noNamespaceSchemaLocation="https://maven.apache.org/surefire/maven-surefire-plugin/xsd/surefire-test-report-3.0.xsd" version="3.0" name="com.nexus.controller.BorrowingControllerTest" time="14.35" tests="3" errors="0" skipped="0" failures="0">
  <properties>
[...]
</properties>
  <testcase name="testRequestEquipment_NotAvailable" classname="com.nexus.controller.BorrowingControllerTest" time="0.289">
    <system-out><![CDATA[00:35:37.394 [main] INFO org.springframework.test.context.support.AnnotationConfigContextLoaderUtils -- Could not detect default configuration classes for test class [com.nexus.controller.BorrowingControllerTest]: BorrowingControllerTest does not declare any static, non-private, non-final, nested classes annotated with @Configuration.
00:35:37.663 [main] INFO org.springframework.boot.test.context.SpringBootTestContextBootstrapper -- Found @SpringBootConfiguration com.nexus.NexusBackendApplication for test class com.nexus.controller.BorrowingControllerTest

  .   ____          _            __ _ _
 /\\ / ___'_ __ _ _(_)_ __  __ _ \ \ \ \
( ( )\___ | '_ | '_| | '_ \/ _` | \ \ \ \
 \\/  ___)| |_)| | | | | || (_| |  ) ) ) )
  '  |____| .__|_| |_|_| |_\__, | / / / /
 =========|_|==============|___/=/_/_/_/
 :: Spring Boot ::                (v3.2.5)

2026-05-07T00:35:38.403+05:30  INFO 35480 --- [nexus-backend] [           main] c.n.controller.BorrowingControllerTest   : Starting BorrowingControllerTest using Java 17.0.12 with PID 35480 (started by nasee in D:\M. Tech\Sem 3\Full Stack Application Development\Assignment-workspace\nexus-backend)
2026-05-07T00:35:38.405+05:30  INFO 35480 --- [nexus-backend] [           main] c.n.controller.BorrowingControllerTest   : No active profile set, falling back to 1 default profile: "default"
2026-05-07T00:35:40.241+05:30  INFO 35480 --- [nexus-backend] [           main] .s.d.r.c.RepositoryConfigurationDelegate : Bootstrapping Spring Data JPA repositories in DEFAULT mode.
2026-05-07T00:35:40.344+05:30  INFO 35480 --- [nexus-backend] [           main] .s.d.r.c.RepositoryConfigurationDelegate : Finished Spring Data repository scanning in 90 ms. Found 4 JPA repository interfaces.
2026-05-07T00:35:43.676+05:30  INFO 35480 --- [nexus-backend] [           main] o.hibernate.jpa.internal.util.LogHelper  : HHH000204: Processing PersistenceUnitInfo [name: default]
2026-05-07T00:35:43.858+05:30  INFO 35480 --- [nexus-backend] [           main] org.hibernate.Version                    : HHH000412: Hibernate ORM core version 6.4.4.Final
2026-05-07T00:35:44.027+05:30  INFO 35480 --- [nexus-backend] [           main] o.h.c.internal.RegionFactoryInitiator    : HHH000026: Second-level cache disabled
2026-05-07T00:35:44.477+05:30  INFO 35480 --- [nexus-backend] [           main] o.s.o.j.p.SpringPersistenceUnitInfo      : No LoadTimeWeaver setup: ignoring JPA class transformer
2026-05-07T00:35:44.597+05:30  INFO 35480 --- [nexus-backend] [           main] com.zaxxer.hikari.HikariDataSource       : HikariPool-1 - Starting...
2026-05-07T00:35:45.008+05:30  INFO 35480 --- [nexus-backend] [           main] com.zaxxer.hikari.pool.HikariPool        : HikariPool-1 - Added connection conn0: url=jdbc:h2:mem:nexusdb user=SA
2026-05-07T00:35:45.011+05:30  INFO 35480 --- [nexus-backend] [           main] com.zaxxer.hikari.HikariDataSource       : HikariPool-1 - Start completed.
2026-05-07T00:35:45.074+05:30  WARN 35480 --- [nexus-backend] [           main] org.hibernate.orm.deprecation            : HHH90000025: H2Dialect does not need to be specified explicitly using 'hibernate.dialect' (remove the property setting and it will be selected by default)
2026-05-07T00:35:47.069+05:30  INFO 35480 --- [nexus-backend] [           main] o.h.e.t.j.p.i.JtaPlatformInitiator       : HHH000489: No JTA platform available (set 'hibernate.transaction.jta.platform' to enable JTA platform integration)
Hibernate: drop table if exists approval_steps cascade 
Hibernate: drop table if exists borrow_requests cascade 
Hibernate: drop table if exists equipment cascade 
Hibernate: drop table if exists users cascade 
Hibernate: create table approval_steps (sequence_order integer not null, equipment_id bigint not null, id bigint generated by default as identity, required_role varchar(255) check (required_role in ('STUDENT','STAFF','ADMIN','LAB_ADMIN')), primary key (id))
Hibernate: create table borrow_requests (current_step integer not null, extended_return_date date, extension_requested boolean not null, return_date date, actual_return_date timestamp(6), approved_at timestamp(6), equipment_id bigint not null, id bigint generated by default as identity, request_date timestamp(6), staff_approver_id bigint, user_id bigint not null, approved_by varchar(255), approver_role varchar(255), rejection_remarks varchar(255), remarks varchar(255), status varchar(255) check (status in ('PENDING','APPROVED','REJECTED','RETURNED','CANCELLED')), primary key (id))
Hibernate: create table equipment (available_quantity integer, total_quantity integer, id bigint generated by default as identity, category varchar(255), condition_status varchar(255), description varchar(255), image_url varchar(255), name varchar(255) not null, primary key (id))
Hibernate: create table users (enabled boolean not null, id bigint generated by default as identity, email varchar(255) not null, password varchar(255) not null, role varchar(255) check (role in ('STUDENT','STAFF','ADMIN','LAB_ADMIN')), username varchar(255) not null unique, primary key (id))
Hibernate: alter table if exists approval_steps add constraint FKm3rg5vknv35we1dnka2t1rtam foreign key (equipment_id) references equipment
Hibernate: alter table if exists borrow_requests add constraint FKqyqlk7l2fc94klm79s3v7n5tk foreign key (staff_approver_id) references users
Hibernate: alter table if exists borrow_requests add constraint FK2kl8amuwp8109dg2306fgm2ek foreign key (equipment_id) references equipment
Hibernate: alter table if exists borrow_requests add constraint FKhw6n6naouqvpx1r0lbo211fu6 foreign key (user_id) references users
2026-05-07T00:35:47.167+05:30  INFO 35480 --- [nexus-backend] [           main] j.LocalContainerEntityManagerFactoryBean : Initialized JPA EntityManagerFactory for persistence unit 'default'
2026-05-07T00:35:48.322+05:30  WARN 35480 --- [nexus-backend] [           main] JpaBaseConfiguration$JpaWebConfiguration : spring.jpa.open-in-view is enabled by default. Therefore, database queries may be performed during view rendering. Explicitly configure spring.jpa.open-in-view to disable this warning
2026-05-07T00:35:48.978+05:30  INFO 35480 --- [nexus-backend] [           main] o.s.s.web.DefaultSecurityFilterChain     : Will secure any request with [org.springframework.security.web.session.DisableEncodeUrlFilter@1676e501, org.springframework.security.web.context.request.async.WebAsyncManagerIntegrationFilter@1ed763aa, org.springframework.security.web.context.SecurityContextHolderFilter@a422390, org.springframework.security.web.header.HeaderWriterFilter@33acec5e, org.springframework.web.filter.CorsFilter@7f39bcb5, org.springframework.security.web.authentication.logout.LogoutFilter@1131fcfd, com.nexus.security.AuthTokenFilter@79fbcef4, org.springframework.security.web.savedrequest.RequestCacheAwareFilter@3d056418, org.springframework.security.web.servletapi.SecurityContextHolderAwareRequestFilter@769d0ef2, org.springframework.security.web.authentication.AnonymousAuthenticationFilter@4e6881e, org.springframework.security.web.session.SessionManagementFilter@40032b7b, org.springframework.security.web.access.ExceptionTranslationFilter@300b839c, org.springframework.security.web.access.intercept.AuthorizationFilter@13c36d48]
2026-05-07T00:35:49.711+05:30  INFO 35480 --- [nexus-backend] [           main] o.s.b.a.h2.H2ConsoleAutoConfiguration    : H2 console available at '/h2-console'. Database available at 'jdbc:h2:mem:nexusdb'
2026-05-07T00:35:49.930+05:30  INFO 35480 --- [nexus-backend] [           main] o.s.b.t.m.w.SpringBootMockServletContext : Initializing Spring TestDispatcherServlet ''
2026-05-07T00:35:49.930+05:30  INFO 35480 --- [nexus-backend] [           main] o.s.t.web.servlet.TestDispatcherServlet  : Initializing Servlet ''
2026-05-07T00:35:49.932+05:30  INFO 35480 --- [nexus-backend] [           main] o.s.t.web.servlet.TestDispatcherServlet  : Completed initialization in 2 ms
2026-05-07T00:35:49.971+05:30  INFO 35480 --- [nexus-backend] [           main] c.n.controller.BorrowingControllerTest   : Started BorrowingControllerTest in 11.972 seconds (process running for 13.935)
]]></system-out>
  </testcase>
  <testcase name="testCancelRequest_Success" classname="com.nexus.controller.BorrowingControllerTest" time="0.096"/>
  <testcase name="testRequestEquipment_Success" classname="com.nexus.controller.BorrowingControllerTest" time="0.017"/>
</testsuite>